Log file open, 11/01/16 13:05:11
LogInit:Display: Running engine for game: RiversofHanoi
LogPlatformFile: Not using cached read wrapper
LogInit:Display: RandInit(-1553479623) SRandInit(-1553479623).
LogTaskGraph: Started task graph with 5 named threads and 8 total threads with 1 sets of task threads.
LogStats: Stats thread started at 0.064370
LogPluginManager: Loaded Plugin Paper2D, From D:/Unreal/Epic Games/4.13/Engine/Plugins/2D/Paper2D/Paper2D.uplugin
LogPluginManager: Loaded Plugin LightPropagationVolume, From D:/Unreal/Epic Games/4.13/Engine/Plugins/Blendables/LightPropagationVolume/LightPropagationVolume.uplugin
LogPluginManager: Loaded Plugin BlankPlugin, From D:/Unreal/Epic Games/4.13/Engine/Plugins/Developer/BlankPlugin/BlankPlugin.uplugin
LogPluginManager: Loaded Plugin CodeLiteSourceCodeAccess, From D:/Unreal/Epic Games/4.13/Engine/Plugins/Developer/CodeLiteSourceCodeAccess/CodeLiteSourceCodeAccess.uplugin
LogPluginManager: Loaded Plugin GitSourceControl, From D:/Unreal/Epic Games/4.13/Engine/Plugins/Developer/GitSourceControl/GitSourceControl.uplugin
LogPluginManager: Loaded Plugin KDevelopSourceCodeAccess, From D:/Unreal/Epic Games/4.13/Engine/Plugins/Developer/KDevelopSourceCodeAccess/KDevelopSourceCodeAccess.uplugin
LogPluginManager: Loaded Plugin NullSourceCodeAccess, From D:/Unreal/Epic Games/4.13/Engine/Plugins/Developer/NullSourceCodeAccess/NullSourceCodeAccess.uplugin
LogPluginManager: Loaded Plugin OneSkyLocalizationService, From D:/Unreal/Epic Games/4.13/Engine/Plugins/Developer/OneSkyLocalizationService/OneSkyLocalizationService.uplugin
LogPluginManager: Loaded Plugin PerforceSourceControl, From D:/Unreal/Epic Games/4.13/Engine/Plugins/Developer/PerforceSourceControl/PerforceSourceControl.uplugin
LogPluginManager: Loaded Plugin SubversionSourceControl, From D:/Unreal/Epic Games/4.13/Engine/Plugins/Developer/SubversionSourceControl/SubversionSourceControl.uplugin
LogPluginManager: Loaded Plugin UObjectPlugin, From D:/Unreal/Epic Games/4.13/Engine/Plugins/Developer/UObjectPlugin/UObjectPlugin.uplugin
LogPluginManager: Loaded Plugin VisualStudioSourceCodeAccess, From D:/Unreal/Epic Games/4.13/Engine/Plugins/Developer/VisualStudioSourceCodeAccess/VisualStudioSourceCodeAccess.uplugin
LogPluginManager: Loaded Plugin XCodeSourceCodeAccess, From D:/Unreal/Epic Games/4.13/Engine/Plugins/Developer/XCodeSourceCodeAccess/XCodeSourceCodeAccess.uplugin
LogPluginManager: Loaded Plugin EpicSurvey, From D:/Unreal/Epic Games/4.13/Engine/Plugins/Editor/EpicSurvey/EpicSurvey.uplugin
LogPluginManager: Loaded Plugin MacGraphicsSwitching, From D:/Unreal/Epic Games/4.13/Engine/Plugins/Editor/MacGraphicsSwitching/MacGraphicsSwitching.uplugin
LogPluginManager: Loaded Plugin MobileLauncherProfileWizard, From D:/Unreal/Epic Games/4.13/Engine/Plugins/Editor/MobileLauncherProfileWizard/MobileLauncherProfileWizard.uplugin
LogPluginManager: Loaded Plugin PluginBrowser, From D:/Unreal/Epic Games/4.13/Engine/Plugins/Editor/PluginBrowser/PluginBrowser.uplugin
LogPluginManager: Loaded Plugin SpeedTreeImporter, From D:/Unreal/Epic Games/4.13/Engine/Plugins/Editor/SpeedTreeImporter/SpeedTreeImporter.uplugin
LogPluginManager: Loaded Plugin SuperSearchEditor, From D:/Unreal/Epic Games/4.13/Engine/Plugins/Editor/SuperSearchEditor/SuperSearchEditor.uplugin
LogPluginManager: Loaded Plugin AlembicImporter, From D:/Unreal/Epic Games/4.13/Engine/Plugins/Experimental/AlembicImporter/AlembicImporter.uplugin
LogPluginManager: Loaded Plugin BlueprintStats, From D:/Unreal/Epic Games/4.13/Engine/Plugins/Experimental/BlueprintStats/BlueprintStats.uplugin
LogPluginManager: Loaded Plugin CharacterAI, From D:/Unreal/Epic Games/4.13/Engine/Plugins/Experimental/CharacterAI/CharacterAI.uplugin
LogPluginManager: Loaded Plugin CodeEditor, From D:/Unreal/Epic Games/4.13/Engine/Plugins/Experimental/CodeEditor/CodeEditor.uplugin
LogPluginManager: Loaded Plugin CodeView, From D:/Unreal/Epic Games/4.13/Engine/Plugins/Experimental/CodeView/CodeView.uplugin
LogPluginManager: Loaded Plugin HTML5Networking, From D:/Unreal/Epic Games/4.13/Engine/Plugins/Experimental/HTML5Networking/HTML5Networking.uplugin
LogPluginManager: Loaded Plugin LiveEditor, From D:/Unreal/Epic Games/4.13/Engine/Plugins/Experimental/LiveEditor/LiveEditor.uplugin
LogPluginManager: Loaded Plugin OSVR, From D:/Unreal/Epic Games/4.13/Engine/Plugins/Experimental/OSVR/OSVR.uplugin
LogPluginManager: Loaded Plugin Phya, From D:/Unreal/Epic Games/4.13/Engine/Plugins/Experimental/Phya/Phya.uplugin
LogPluginManager: Loaded Plugin SignificanceManager, From D:/Unreal/Epic Games/4.13/Engine/Plugins/Experimental/SignificanceManager/SignificanceManager.uplugin
LogPluginManager: Loaded Plugin SimpleHMD, From D:/Unreal/Epic Games/4.13/Engine/Plugins/Experimental/SimpleHMD/SimpleHMD.uplugin
LogPluginManager: Loaded Plugin StereoPanorama, From D:/Unreal/Epic Games/4.13/Engine/Plugins/Experimental/StereoPanorama/StereoPanorama.uplugin
LogPluginManager: Loaded Plugin StructBox, From D:/Unreal/Epic Games/4.13/Engine/Plugins/Experimental/StructBox/StructBox.uplugin
LogPluginManager: Loaded Plugin AndroidMedia, From D:/Unreal/Epic Games/4.13/Engine/Plugins/Media/AndroidMedia/AndroidMedia.uplugin
LogPluginManager: Loaded Plugin AvfMedia, From D:/Unreal/Epic Games/4.13/Engine/Plugins/Media/AvfMedia/AvfMedia.uplugin
LogPluginManager: Loaded Plugin MediaPlayerEditor, From D:/Unreal/Epic Games/4.13/Engine/Plugins/Media/MediaPlayerEditor/MediaPlayerEditor.uplugin
LogPluginManager: Loaded Plugin WmfMedia, From D:/Unreal/Epic Games/4.13/Engine/Plugins/Media/WmfMedia/WmfMedia.uplugin
LogPluginManager: Loaded Plugin MessagingDebugger, From D:/Unreal/Epic Games/4.13/Engine/Plugins/Messaging/MessagingDebugger/MessagingDebugger.uplugin
LogPluginManager: Loaded Plugin TcpMessaging, From D:/Unreal/Epic Games/4.13/Engine/Plugins/Messaging/TcpMessaging/TcpMessaging.uplugin
LogPluginManager: Loaded Plugin UdpMessaging, From D:/Unreal/Epic Games/4.13/Engine/Plugins/Messaging/UdpMessaging/UdpMessaging.uplugin
LogPluginManager: Loaded Plugin LevelSequenceEditor, From D:/Unreal/Epic Games/4.13/Engine/Plugins/MovieScene/LevelSequenceEditor/LevelSequenceEditor.uplugin
LogPluginManager: Loaded Plugin MatineeToLevelSequence, From D:/Unreal/Epic Games/4.13/Engine/Plugins/MovieScene/MatineeToLevelSequence/MatineeToLevelSequence.uplugin
LogPluginManager: Loaded Plugin NetcodeUnitTest, From D:/Unreal/Epic Games/4.13/Engine/Plugins/NetcodeUnitTest/NetcodeUnitTest/NetcodeUnitTest.uplugin
LogPluginManager: Loaded Plugin NUTUnrealEngine4, From D:/Unreal/Epic Games/4.13/Engine/Plugins/NetcodeUnitTest/NUTUnrealEngine4/NUTUnrealEngine4.uplugin
LogPluginManager: Loaded Plugin OnlineSubsystemGooglePlay, From D:/Unreal/Epic Games/4.13/Engine/Plugins/Online/Android/OnlineSubsystemGooglePlay/OnlineSubsystemGooglePlay.uplugin
LogPluginManager: Loaded Plugin OnlineSubsystemIOS, From D:/Unreal/Epic Games/4.13/Engine/Plugins/Online/IOS/OnlineSubsystemIOS/OnlineSubsystemIOS.uplugin
LogPluginManager: Loaded Plugin OnlineFramework, From D:/Unreal/Epic Games/4.13/Engine/Plugins/Online/OnlineFramework/OnlineFramework.uplugin
LogPluginManager: Loaded Plugin OnlineSubsystem, From D:/Unreal/Epic Games/4.13/Engine/Plugins/Online/OnlineSubsystem/OnlineSubsystem.uplugin
LogPluginManager: Loaded Plugin OnlineSubsystemAmazon, From D:/Unreal/Epic Games/4.13/Engine/Plugins/Online/OnlineSubsystemAmazon/OnlineSubsystemAmazon.uplugin
LogPluginManager: Loaded Plugin OnlineSubsystemFacebook, From D:/Unreal/Epic Games/4.13/Engine/Plugins/Online/OnlineSubsystemFacebook/OnlineSubsystemFacebook.uplugin
LogPluginManager: Loaded Plugin OnlineSubsystemNull, From D:/Unreal/Epic Games/4.13/Engine/Plugins/Online/OnlineSubsystemNull/OnlineSubsystemNull.uplugin
LogPluginManager: Loaded Plugin OnlineSubsystemOculus, From D:/Unreal/Epic Games/4.13/Engine/Plugins/Online/OnlineSubsystemOculus/OnlineSubsystemOculus.uplugin
LogPluginManager: Loaded Plugin OnlineSubsystemSteam, From D:/Unreal/Epic Games/4.13/Engine/Plugins/Online/OnlineSubsystemSteam/OnlineSubsystemSteam.uplugin
LogPluginManager: Loaded Plugin OnlineSubsystemUtils, From D:/Unreal/Epic Games/4.13/Engine/Plugins/Online/OnlineSubsystemUtils/OnlineSubsystemUtils.uplugin
LogPluginManager: Loaded Plugin IOSTapJoy, From D:/Unreal/Epic Games/4.13/Engine/Plugins/Runtime/Advertising/IOSTapJoy/IOSTapJoy.uplugin
LogPluginManager: Loaded Plugin AnalyticsBlueprintLibrary, From D:/Unreal/Epic Games/4.13/Engine/Plugins/Runtime/Analytics/AnalyticsBlueprintLibrary/AnalyticsBlueprintLibrary.uplugin
LogPluginManager: Loaded Plugin AnalyticsMulticast, From D:/Unreal/Epic Games/4.13/Engine/Plugins/Runtime/Analytics/AnalyticsMulticast/AnalyticsMulticast.uplugin
LogPluginManager: Loaded Plugin Apsalar, From D:/Unreal/Epic Games/4.13/Engine/Plugins/Runtime/Analytics/Apsalar/Apsalar.uplugin
LogPluginManager: Loaded Plugin FileLogging, From D:/Unreal/Epic Games/4.13/Engine/Plugins/Runtime/Analytics/FileLogging/FileLogging.uplugin
LogPluginManager: Loaded Plugin Flurry, From D:/Unreal/Epic Games/4.13/Engine/Plugins/Runtime/Analytics/Flurry/Flurry.uplugin
LogPluginManager: Loaded Plugin AndroidDeviceProfileSelector, From D:/Unreal/Epic Games/4.13/Engine/Plugins/Runtime/AndroidDeviceProfileSelector/AndroidDeviceProfileSelector.uplugin
LogPluginManager: Loaded Plugin AndroidMoviePlayer, From D:/Unreal/Epic Games/4.13/Engine/Plugins/Runtime/AndroidMoviePlayer/AndroidMoviePlayer.uplugin
LogPluginManager: Loaded Plugin AppleMoviePlayer, From D:/Unreal/Epic Games/4.13/Engine/Plugins/Runtime/AppleMoviePlayer/AppleMoviePlayer.uplugin
LogPluginManager: Loaded Plugin ArchVisCharacter, From D:/Unreal/Epic Games/4.13/Engine/Plugins/Runtime/ArchVisCharacter/ArchVisCharacter.uplugin
LogPluginManager: Loaded Plugin CableComponent, From D:/Unreal/Epic Games/4.13/Engine/Plugins/Runtime/CableComponent/CableComponent.uplugin
LogPluginManager: Loaded Plugin CustomMeshComponent, From D:/Unreal/Epic Games/4.13/Engine/Plugins/Runtime/CustomMeshComponent/CustomMeshComponent.uplugin
LogPluginManager: Loaded Plugin ExampleDeviceProfileSelector, From D:/Unreal/Epic Games/4.13/Engine/Plugins/Runtime/ExampleDeviceProfileSelector/ExampleDeviceProfileSelector.uplugin
LogPluginManager: Loaded Plugin GearVR, From D:/Unreal/Epic Games/4.13/Engine/Plugins/Runtime/GearVR/GearVR.uplugin
LogPluginManager: Loaded Plugin GoogleVRController, From D:/Unreal/Epic Games/4.13/Engine/Plugins/Runtime/GoogleVR/GoogleVRController/GoogleVRController.uplugin
LogPluginManager: Loaded Plugin GoogleVRHMD, From D:/Unreal/Epic Games/4.13/Engine/Plugins/Runtime/GoogleVR/GoogleVRHMD/GoogleVRHMD.uplugin
LogPluginManager: Loaded Plugin IOSDeviceProfileSelector, From D:/Unreal/Epic Games/4.13/Engine/Plugins/Runtime/IOSDeviceProfileSelector/IOSDeviceProfileSelector.uplugin
LogPluginManager: Loaded Plugin LeapMotion, From D:/Unreal/Epic Games/4.13/Engine/Plugins/Runtime/LeapMotion/LeapMotion.uplugin
LogPluginManager: Loaded Plugin LinuxDeviceProfileSelector, From D:/Unreal/Epic Games/4.13/Engine/Plugins/Runtime/LinuxDeviceProfileSelector/LinuxDeviceProfileSelector.uplugin
LogPluginManager: Loaded Plugin LiveEditorListenServer, From D:/Unreal/Epic Games/4.13/Engine/Plugins/Runtime/LiveEditorListenServer/LiveEditorListenServer.uplugin
LogPluginManager: Loaded Plugin OculusAudio, From D:/Unreal/Epic Games/4.13/Engine/Plugins/Runtime/OculusAudio/OculusAudio.uplugin
LogPluginManager: Loaded Plugin OculusInput, From D:/Unreal/Epic Games/4.13/Engine/Plugins/Runtime/OculusInput/OculusInput.uplugin
LogPluginManager: Loaded Plugin OculusLibrary, From D:/Unreal/Epic Games/4.13/Engine/Plugins/Runtime/OculusLibrary/OculusLibrary.uplugin
LogPluginManager: Loaded Plugin OculusRift, From D:/Unreal/Epic Games/4.13/Engine/Plugins/Runtime/OculusRift/OculusRift.uplugin
LogPluginManager: Loaded Plugin Oodle, From D:/Unreal/Epic Games/4.13/Engine/Plugins/Runtime/PacketHandlers/CompressionComponents/Oodle/Oodle.uplugin
LogPluginManager: Loaded Plugin ProceduralMeshComponent, From D:/Unreal/Epic Games/4.13/Engine/Plugins/Runtime/ProceduralMeshComponent/ProceduralMeshComponent.uplugin
LogPluginManager: Loaded Plugin SoundMod, From D:/Unreal/Epic Games/4.13/Engine/Plugins/Runtime/SoundMod/SoundMod.uplugin
LogPluginManager: Loaded Plugin SoundVisualizations, From D:/Unreal/Epic Games/4.13/Engine/Plugins/Runtime/SoundVisualizations/SoundVisualizations.uplugin
LogPluginManager: Loaded Plugin SteamController, From D:/Unreal/Epic Games/4.13/Engine/Plugins/Runtime/Steam/SteamController/SteamController.uplugin
LogPluginManager: Loaded Plugin SteamVR, From D:/Unreal/Epic Games/4.13/Engine/Plugins/Runtime/Steam/SteamVR/SteamVR.uplugin
LogPluginManager: Loaded Plugin WebBrowserWidget, From D:/Unreal/Epic Games/4.13/Engine/Plugins/Runtime/WebBrowserWidget/WebBrowserWidget.uplugin
LogPluginManager: Loaded Plugin WindowsDeviceProfileSelector, From D:/Unreal/Epic Games/4.13/Engine/Plugins/Runtime/WindowsDeviceProfileSelector/WindowsDeviceProfileSelector.uplugin
LogPluginManager: Loaded Plugin WindowsMoviePlayer, From D:/Unreal/Epic Games/4.13/Engine/Plugins/Runtime/WindowsMoviePlayer/WindowsMoviePlayer.uplugin
LogPluginManager: Loaded Plugin ScriptPlugin, From D:/Unreal/Epic Games/4.13/Engine/Plugins/ScriptPlugin/ScriptPlugin.uplugin
LogPluginManager: Loaded Plugin SlateRemote, From D:/Unreal/Epic Games/4.13/Engine/Plugins/Slate/SlateRemote/SlateRemote.uplugin
LogInit: Using libcurl 7.47.1
LogInit:  - built for x86_64-pc-win32
LogInit:  - supports SSL with WinSSL
LogInit:  - other features:
LogInit:      CURL_VERSION_SSL
LogInit:      CURL_VERSION_IPV6
LogInit:      CURL_VERSION_ASYNCHDNS
LogInit:      CURL_VERSION_LARGEFILE
LogInit:      CURL_VERSION_IDN
LogInit:  CurlRequestOptions (configurable via config and command line):
LogInit:  - bVerifyPeer = false  - Libcurl will NOT verify peer certificate
LogInit:  - bUseHttpProxy = false  - Libcurl will NOT use HTTP proxy
LogInit:  - bDontReuseConnections = false  - Libcurl will reuse connections
LogInit:  - CertBundlePath = nullptr  - Libcurl will use whatever was configured at build time.
LogInit: Build: ++UE4+Release-4.13-CL-3172292
LogInit: Engine Version: 4.13.2-3172292+++UE4+Release-4.13
LogInit: Compatible Engine Version: 4.13.0-3106830+++UE4+Release-4.13
LogInit: Net CL: 3172292
LogDevObjectVersion: Number of dev versions registered: 13
LogDevObjectVersion:   Dev-Blueprints (B0D832E4-1F89-4F0D-ACCF-7EB736FD4AA2): 5
LogDevObjectVersion:   Dev-Build (E1C64328-A22C-4D53-A36C-8E866417BD8C): 0
LogDevObjectVersion:   Dev-Core (375EC13C-06E4-48FB-B500-84F0262A717E): 1
LogDevObjectVersion:   Dev-Editor (E4B068ED-F494-42E9-A231-DA0B2E46BB41): 6
LogDevObjectVersion:   Dev-Framework (CFFC743F-43B0-4480-9391-14DF171D2073): 12
LogDevObjectVersion:   Dev-Mobile (B02B49B5-BB20-44E9-A304-32B752E40360): 0
LogDevObjectVersion:   Dev-Networking (A4E4105C-59A1-49B5-A7C5-40C4547EDFEE): 0
LogDevObjectVersion:   Dev-Online (39C831C9-5AE6-47DC-9A44-9C173E1C8E7C): 0
LogDevObjectVersion:   Dev-Physics (78F01B33-EBEA-4F98-B9B4-84EACCB95AA2): 0
LogDevObjectVersion:   Dev-Platform (6631380F-2D4D-43E0-8009-CF276956A95A): 0
LogDevObjectVersion:   Dev-Rendering (12F88B9F-8875-4AFC-A67C-D90C383ABD29): 4
LogDevObjectVersion:   Dev-Sequencer (7B5AE74C-D270-4C10-A958-57980B212A5A): 0
LogDevObjectVersion:   Dev-VR (D7296918-1DD6-4BDD-9DE2-64A83CC13884): 0
LogInit: Compiled (64-bit): Oct 24 2016 14:29:06
LogInit: Compiled with Visual C++: 19.00.23026.00
LogInit: Build Configuration: Development
LogInit: Branch Name: ++UE4+Release-4.13
LogInit: Command line:  
LogInit: Base directory: D:/Unreal/Epic Games/4.13/Engine/Binaries/Win64/
LogInit: Installed Engine Build: 1
LogInit: Presizing for max 8388607 objects, including 0 objects not considered by GC, pre-allocating 0 bytes for permanent pool.
LogInit: Object subsystem initialized
[2016.11.01-13.05.11:252][  0]LogInit: Selected Device Profile: [Windows]
[2016.11.01-13.05.11:252][  0]LogInit: Applying CVar settings loaded from the selected device profile: [Windows]
[2016.11.01-13.05.11:259][  0]LogInit: Computer: BTR-PC
[2016.11.01-13.05.11:259][  0]LogInit: User: Flippisen
[2016.11.01-13.05.11:259][  0]LogInit: CPU Page size=65536, Cores=4
[2016.11.01-13.05.11:259][  0]LogInit: High frequency timer resolution =3.906263 MHz
[2016.11.01-13.05.11:260][  0]LogMemory: Memory total: Physical=15.9GB (16GB approx)
[2016.11.01-13.05.11:260][  0]LogMemory: Platform Memory Stats for Windows
[2016.11.01-13.05.11:260][  0]LogMemory: Process Physical Memory: 255.98 MB used, 255.98 MB peak
[2016.11.01-13.05.11:260][  0]LogMemory: Process Virtual Memory: 260.01 MB used, 260.01 MB peak
[2016.11.01-13.05.11:260][  0]LogMemory: Physical Memory: 8322.02 MB used, 16332.62 MB total
[2016.11.01-13.05.11:260][  0]LogMemory: Virtual Memory: 623.23 MB used, 134217728.00 MB total
[2016.11.01-13.05.11:281][  0]LogTextLocalizationManager: No specific translations for ('en-GB') exist, so ('en') translations will be used.
[2016.11.01-13.05.11:818][  0]LogD3D11RHI: D3D11 adapters:
[2016.11.01-13.05.11:839][  0]LogD3D11RHI:    0. 'NVIDIA GeForce GTX 970' (Feature Level 11_0)
[2016.11.01-13.05.11:839][  0]LogD3D11RHI:       4058/0/8166 MB DedicatedVideo/DedicatedSystem/SharedSystem, Outputs:2, VendorId:0x10de
[2016.11.01-13.05.11:840][  0]LogD3D11RHI:    1. 'Microsoft Basic Render Driver' (Feature Level 11_0)
[2016.11.01-13.05.11:840][  0]LogD3D11RHI:       0/0/8166 MB DedicatedVideo/DedicatedSystem/SharedSystem, Outputs:0, VendorId:0x1414
[2016.11.01-13.05.11:840][  0]LogD3D11RHI: Chosen D3D11 Adapter: 0
[2016.11.01-13.05.11:845][  0]LogD3D11RHI: Creating new Direct3DDevice
[2016.11.01-13.05.11:845][  0]LogD3D11RHI:     GPU DeviceId: 0x13c2 (for the marketing name, search the web for "GPU Device Id")
[2016.11.01-13.05.11:845][  0]LogWindows: EnumDisplayDevices:
[2016.11.01-13.05.11:845][  0]LogWindows:    0. 'NVIDIA GeForce GTX 970' (P:0 D:1)
[2016.11.01-13.05.11:845][  0]LogWindows:    1. 'NVIDIA GeForce GTX 970' (P:1 D:1)
[2016.11.01-13.05.11:845][  0]LogWindows:    2. 'NVIDIA GeForce GTX 970' (P:0 D:0)
[2016.11.01-13.05.11:845][  0]LogWindows:    3. 'NVIDIA GeForce GTX 970' (P:0 D:0)
[2016.11.01-13.05.11:845][  0]LogWindows: DebugString: FoundDriverCount:4 
[2016.11.01-13.05.11:845][  0]LogD3D11RHI:     Adapter Name: NVIDIA GeForce GTX 970
[2016.11.01-13.05.11:845][  0]LogD3D11RHI:   Driver Version: 372.90 (internal:21.21.13.7290, unified:372.90)
[2016.11.01-13.05.11:845][  0]LogD3D11RHI:      Driver Date: 9-16-2016
[2016.11.01-13.05.11:845][  0]LogRHI: Texture pool is 1361 MB (70% of 1945 MB)
[2016.11.01-13.05.11:860][  0]LogD3D11RHI: Async texture creation enabled
[2016.11.01-13.05.11:880][  0]LogD3D11RHI: GPU Timing Frequency: 1000.000000 (Debug: 2 3)
[2016.11.01-13.05.11:880][  0]LogShaderCompilers: Guid format shader working directory is -13 characters bigger than the processId version (../../../../../../Uni/Fourth Year Project/VRDemo/RiversofHanoi/Intermediate/Shaders/WorkingDirectory/7592/).
[2016.11.01-13.05.11:880][  0]LogShaderCompilers: Cleaned the shader compiler working directory 'C:/Users/FLIPPI~1/AppData/Local/Temp/UnrealShaderWorkingDir/526BE9A8430768037860EEA2F5271294/'.
[2016.11.01-13.05.11:880][  0]LogShaderCompilers:Display: Using Local Shader Compiler.
[2016.11.01-13.05.12:768][  0]LogTemp:Display: Loaded TP AllDesktopTargetPlatform
[2016.11.01-13.05.12:778][  0]LogTemp:Display: Loaded TP WindowsClientTargetPlatform
[2016.11.01-13.05.12:787][  0]LogTemp:Display: Loaded TP WindowsNoEditorTargetPlatform
[2016.11.01-13.05.12:795][  0]LogTemp:Display: Loaded TP WindowsServerTargetPlatform
[2016.11.01-13.05.12:802][  0]LogTemp:Display: Loaded TP WindowsTargetPlatform
[2016.11.01-13.05.12:807][  0]LogTemp:Display: Loaded TP AndroidTargetPlatform
[2016.11.01-13.05.12:813][  0]LogTemp:Display: Loaded TP Android_ASTCTargetPlatform
[2016.11.01-13.05.12:818][  0]LogTemp:Display: Loaded TP Android_ATCTargetPlatform
[2016.11.01-13.05.12:823][  0]LogTemp:Display: Loaded TP Android_DXTTargetPlatform
[2016.11.01-13.05.12:829][  0]LogTemp:Display: Loaded TP Android_ETC1TargetPlatform
[2016.11.01-13.05.12:834][  0]LogTemp:Display: Loaded TP Android_ETC2TargetPlatform
[2016.11.01-13.05.12:846][  0]LogTemp:Display: Loaded TP Android_MultiTargetPlatform
[2016.11.01-13.05.12:846][  0]LogTemp:Display: Loaded TP Android_PVRTCTargetPlatform
[2016.11.01-13.05.12:846][  0]LogTemp:Display: Loaded TP HTML5TargetPlatform
[2016.11.01-13.05.12:864][  0]LogTemp:Display: Loaded TP IOSTargetPlatform
[2016.11.01-13.05.12:869][  0]LogTemp:Display: Loaded TP TVOSTargetPlatform
[2016.11.01-13.05.12:876][  0]LogTemp:Display: Loaded TP LinuxClientTargetPlatform
[2016.11.01-13.05.12:882][  0]LogTemp:Display: Loaded TP LinuxNoEditorTargetPlatform
[2016.11.01-13.05.12:889][  0]LogTemp:Display: Loaded TP LinuxServerTargetPlatform
[2016.11.01-13.05.12:897][  0]LogTemp:Display: Loaded TP LinuxTargetPlatform
[2016.11.01-13.05.12:897][  0]LogTargetPlatformManager:Display: Building Assets For Windows
[2016.11.01-13.05.12:951][  0]LogDerivedDataCache:Display: Max Cache Size: 512 MB
[2016.11.01-13.05.13:009][  0]LogDerivedDataCache: Loaded boot cache 0.06s 64MB C:/Users/Flippisen/AppData/Local/UnrealEngine/4.13/DerivedDataCache/Boot.ddc.
[2016.11.01-13.05.13:009][  0]LogDerivedDataCache:Display: Loaded Boot cache: C:/Users/Flippisen/AppData/Local/UnrealEngine/4.13/DerivedDataCache/Boot.ddc
[2016.11.01-13.05.13:009][  0]LogDerivedDataCache: FDerivedDataBackendGraph:  Pak pak cache file ../../../../../../Uni/Fourth Year Project/VRDemo/RiversofHanoi/DerivedDataCache/DDC.ddp not found, will not use a pak cache.
[2016.11.01-13.05.13:009][  0]LogDerivedDataCache: Unable to find inner node Pak for hierarchical cache Hierarchy.
[2016.11.01-13.05.13:009][  0]LogDerivedDataCache: FDerivedDataBackendGraph:  CompressedPak pak cache file ../../../../../../Uni/Fourth Year Project/VRDemo/RiversofHanoi/DerivedDataCache/Compressed.ddp not found, will not use a pak cache.
[2016.11.01-13.05.13:009][  0]LogDerivedDataCache: Unable to find inner node CompressedPak for hierarchical cache Hierarchy.
[2016.11.01-13.05.13:025][  0]LogDerivedDataCache:Display: Pak cache opened for reading ../../../Engine/DerivedDataCache/Compressed.ddp.
[2016.11.01-13.05.13:037][  0]LogDerivedDataCache: Using Local data cache path C:/Users/Flippisen/AppData/Local/UnrealEngine/Common/DerivedDataCache: Writable
[2016.11.01-13.05.13:207][  0]LogInit: Selected Device Profile: [Windows]
[2016.11.01-13.05.13:210][  0]LogContentStreaming: Texture pool size is 0.00 MB
[2016.11.01-13.05.13:290][  0]LogMeshUtilities: No automatic mesh reduction module available
[2016.11.01-13.05.13:290][  0]LogMeshUtilities: No automatic mesh merging module available
[2016.11.01-13.05.13:290][  0]LogMeshUtilities: No distributed automatic mesh merging module available
[2016.11.01-13.05.13:346][  0]LogMaterial: Uniform references updated for custom material expression Custom.
[2016.11.01-13.05.13:591][  0]LogNetVersion: GetLocalNetworkVersion: CL: 3106830, ProjectName: riversofhanoi, ProjectVersion: , EngineNetworkVersion: 1, GameNetworkVersion: 0, NetworkChecksum: 1643939032
[2016.11.01-13.05.13:626][  0]LogAssetRegistry: FAssetRegistry took 0.0215 seconds to start up
[2016.11.01-13.05.13:648][  0]LogPackageLocalizationCache: Processed 3 localized package path(s) for 2 prioritized culture(s) in 0.020318 seconds
[2016.11.01-13.05.13:653][  0]LogUObjectArray: 29778 objects as part of root set at end of initial load.
[2016.11.01-13.05.13:653][  0]LogUObjectAllocator: 6125456 out of 0 bytes used by permanent object pool.
[2016.11.01-13.05.13:653][  0]LogUObjectArray: CloseDisregardForGC: 0/0 objects in disregard for GC pool
[2016.11.01-13.05.13:658][  0]LogInit: WinSock: version 1.1 (2.2), MaxSocks=32767, MaxUdp=65467
[2016.11.01-13.05.13:833][  0]LogSlate: SlateFontCache - WITH_FREETYPE: 1, WITH_HARFBUZZ: 1
[2016.11.01-13.05.13:833][  0]LogSlate: SlateFontCache - WITH_FREETYPE: 1, WITH_HARFBUZZ: 1
[2016.11.01-13.05.14:379][  0]LogTcpMessaging: Initializing TcpMessaging bridge
[2016.11.01-13.05.14:396][  0]LogUdpMessaging: Initializing bridge on interface 0.0.0.0:0 to multicast group 230.0.0.1:6666.
[2016.11.01-13.05.18:498][  0]LogTemp:Warning: # Vertices: 1000000
[2016.11.01-13.05.18:498][  0]LogTemp:Warning: # Faces: 1996002
[2016.11.01-13.05.18:498][  0]LogTemp:Warning: # Normals: 1000000
[2016.11.01-13.05.18:703][  0]SourceControl: Info Source control is disabled
[2016.11.01-13.05.18:732][  0]SourceControl: Info Source control is disabled
[2016.11.01-13.05.18:740][  0]SourceControl: Info Source control is disabled
[2016.11.01-13.05.18:745][  0]SourceControl: Info Source control is disabled
[2016.11.01-13.05.18:792][  0]LogLinker:Warning: Can't find file '/Game/SideScrollerCPP/SideScrollerOverview'
[2016.11.01-13.05.18:792][  0]LogLinker:Warning: Can't find file '/Game/SideScrollerCPP/SideScrollerOverview'
[2016.11.01-13.05.18:792][  0]LogUObjectGlobals:Warning: Failed to find object 'Class /Game/SideScrollerCPP/SideScrollerOverview.SideScrollerOverview_C'
[2016.11.01-13.05.18:944][  0]LogEngine: Initializing Engine...
[2016.11.01-13.05.18:964][  0]LogHMD: Failed to initialize OpenVR with code 126
[2016.11.01-13.05.19:064][  0]LogAIModule: Creating AISystem for world Untitled
[2016.11.01-13.05.19:078][  0]LogInit: XAudio2 using 'Speakers (Realtek High Definition Audio)' : 2 channels at 48 kHz using 32 bits per sample (channel mask 0x3)
[2016.11.01-13.05.19:088][  0]LogInit: FAudioDevice initialized.
[2016.11.01-13.05.19:118][  0]LogDerivedDataCache: Saved boot cache 0.03s 64MB C:/Users/Flippisen/AppData/Local/UnrealEngine/4.13/DerivedDataCache/Boot.ddc.
[2016.11.01-13.05.19:125][  0]LogInit: Texture streaming: Enabled
[2016.11.01-13.05.19:142][  0]LogInit: Transaction tracking system initialized
[2016.11.01-13.05.19:157][  0]BlueprintLog: New page: Editor Load
[2016.11.01-13.05.19:238][  0]LocalizationService: Info Localization service is disabled
[2016.11.01-13.05.19:288][  0]LogConsoleResponse:Display: 
[2016.11.01-13.05.19:375][  0]LogCook:Display: Max memory allowance for cook 16384mb min free memory 0mb
[2016.11.01-13.05.19:375][  0]LogCook:Display: Mobile HDR setting 1
[2016.11.01-13.05.19:475][  0]LogFileCache: Scanning file cache for directory 'D:/Uni/Fourth Year Project/VRDemo/RiversofHanoi/Content/' took 0.01s
[2016.11.01-13.05.19:475][  0]SourceControl: Info Source control is disabled
[2016.11.01-13.05.19:475][  0]Cmd: MAP LOAD FILE="../../../../../../Uni/Fourth Year Project/VRDemo/RiversofHanoi/Content/FirstPersonCPP/Maps/FirstPersonExampleMap.umap" TEMPLATE=0 SHOWPROGRESS=1 FEATURELEVEL=3
[2016.11.01-13.05.19:475][  0]LightingResults: New page: Lighting Build
[2016.11.01-13.05.19:476][  0]MapCheck: New page: Map Check
[2016.11.01-13.05.19:476][  0]LightingResults: New page: Lighting Build
[2016.11.01-13.05.19:653][  0]LogAIModule: Creating AISystem for world FirstPersonExampleMap
[2016.11.01-13.05.19:661][  0]LogEditorServer: Finished looking for orphan Actors (0.000 secs)
[2016.11.01-13.05.19:662][  0]Cmd: MAP CHECKDEP NOCLEARLOG
[2016.11.01-13.05.19:719][  0]MapCheck: Info Map check complete: 0 Error(s), 0 Warning(s), took 56.537ms to complete.
[2016.11.01-13.05.19:719][  0]LogFileHelpers: Loading map 'FirstPersonExampleMap' took 0.244
[2016.11.01-13.05.19:838][  0]LogCollectionManager: Loaded 0 collections in 0.000822 seconds
[2016.11.01-13.05.19:888][  0]LogFileCache: Scanning file cache for directory 'D:/Uni/Fourth Year Project/VRDemo/RiversofHanoi/Saved/Collections/' took 0.01s
[2016.11.01-13.05.19:888][  0]LogFileCache: Scanning file cache for directory 'D:/Uni/Fourth Year Project/VRDemo/RiversofHanoi/Content/Developers/Flippisen/Collections/' took 0.01s
[2016.11.01-13.05.19:888][  0]LogFileCache: Scanning file cache for directory 'D:/Uni/Fourth Year Project/VRDemo/RiversofHanoi/Content/Collections/' took 0.01s
[2016.11.01-13.05.19:888][  0]LogCollectionManager: Rebuilt the GUID cache for 0 collections in 0.000002 seconds
[2016.11.01-13.05.19:900][  0]LogContentBrowser: Native class hierarchy populated in 0.0119 seconds. Added 2146 classes and 417 folders.
[2016.11.01-13.05.19:905][  0]LogStats: UGameplayTagsManager::ConstructGameplayTagTree: Construct from data asset -  0.000 s
[2016.11.01-13.05.19:905][  0]LogStats: UGameplayTagsManager::ConstructGameplayTagTree: GameplayTagTreeChangedEvent.Broadcast -  0.000 s
[2016.11.01-13.05.19:906][  0]LogContentBrowser: Native class hierarchy updated for 'GameplayTags' in 0.0010 seconds. Added 12 classes and 0 folders.
[2016.11.01-13.05.19:909][  0]LogContentBrowser: Native class hierarchy updated for 'WidgetCarousel' in 0.0008 seconds. Added 0 classes and 0 folders.
[2016.11.01-13.05.19:941][  0]LogContentBrowser: Native class hierarchy updated for 'AddContentDialog' in 0.0009 seconds. Added 0 classes and 0 folders.
[2016.11.01-13.05.19:945][  0]LogContentBrowser: Native class hierarchy updated for 'SceneOutliner' in 0.0011 seconds. Added 1 classes and 2 folders.
[2016.11.01-13.05.19:955][  0]LogCrashTracker: Crashtracker disabled due to settings.
[2016.11.01-13.05.19:959][  0]LogUObjectGlobals:Warning: Failed to find object 'Class None.'
[2016.11.01-13.05.19:985][  0]LogContentBrowser: Native class hierarchy updated for 'HierarchicalLODOutliner' in 0.0009 seconds. Added 1 classes and 2 folders.
[2016.11.01-13.05.19:985][  0]LogLoad: (Engine Initialization) Total time: 9.42 seconds
[2016.11.01-13.05.19:985][  0]LogLoad: (Engine Initialization) Total Blueprint compile time: 0.08 seconds
[2016.11.01-13.05.19:985][  0]LogExternalProfiler: Found external profiler: VSPerf
[2016.11.01-13.05.19:985][  0]LogExternalProfiler: Using external profiler: VSPerf
[2016.11.01-13.05.20:324][  0]LogOcInput: OculusInput pre-init called
[2016.11.01-13.05.20:343][  0]LogContentStreaming: Texture pool size now 1000 MB
[2016.11.01-13.05.20:480][  0]LogRenderer: Reallocating scene render targets to support 1616x836 (Frame:2).
[2016.11.01-13.05.20:685][  1]LogAssetRegistry: Asset discovery search completed in 7.0815 seconds
[2016.11.01-13.05.20:685][  1]LogCollectionManager: Rebuilt the object cache for 0 collections in 0.000001 seconds (found 0 objects)
[2016.11.01-13.05.20:685][  1]LogCollectionManager: Fixed up redirectors for 0 collections in 0.000025 seconds (updated 0 objects)
[2016.11.01-13.11.31:680][114]LogHotReload: New module detected: UE4Editor-RiversofHanoi-8856.dll
[2016.11.01-13.11.33:336][120]LogHotReload: Starting Hot-Reload from IDE
[2016.11.01-13.11.37:591][120]LogTemp:Warning: # Vertices: 1000000
[2016.11.01-13.11.37:591][120]LogTemp:Warning: # Faces: 1996002
[2016.11.01-13.11.37:591][120]LogTemp:Warning: # Normals: 1000000
[2016.11.01-13.11.46:093][120]LogTemp:Warning: # Vertices: 1000000
[2016.11.01-13.11.46:093][120]LogTemp:Warning: # Faces: 1996002
[2016.11.01-13.11.46:093][120]LogTemp:Warning: # Normals: 1000000
[2016.11.01-13.11.46:156][120]LogContentBrowser: Native class hierarchy updated for 'RiversofHanoi' in 0.0014 seconds. Added 5 classes and 2 folders.
[2016.11.01-13.11.46:158][120]Display: HotReload successful (1 functions remapped  0 scriptstructs remapped)
[2016.11.01-13.11.46:501][120]LogContentBrowser: Native class hierarchy populated in 0.0104 seconds. Added 2148 classes and 421 folders.
[2016.11.01-13.11.46:638][120]Display: HotReload took 13.3s.
[2016.11.01-13.49.44:151][999]Cmd: QUIT_EDITOR
[2016.11.01-13.49.44:173][999]LogWindowsTextInputMethodSystem:Display: IME system now deactivated.
[2016.11.01-13.49.44:194][999]LogExit: Preparing to exit.
[2016.11.01-13.49.44:707][999]LogDirectoryWatcher: A directory notification for 'D:/Uni/Fourth Year Project/VRDemo/RiversofHanoi/Content/' was aborted.
[2016.11.01-13.49.44:767][999]LogExit: Editor shut down
[2016.11.01-13.49.44:768][999]LogExit: Transaction tracking system shut down
[2016.11.01-13.49.45:071][999]LogObj: Freed 0b from 0 cluster array pools.
[2016.11.01-13.49.45:071][999]LogExit: Object subsystem successfully closed.
[2016.11.01-13.49.45:092][999]LogD3D11RHI: Shutdown
[2016.11.01-13.49.45:092][999]LogD3D11RHI: CleanupD3DDevice
[2016.11.01-13.49.45:146][999]LogD3D11RHI: ~FD3D11DynamicRHI
[2016.11.01-13.49.45:151][999]LogModuleManager: Shutting down and abandoning module HierarchicalLODOutliner (234)
[2016.11.01-13.49.45:151][999]LogModuleManager: Shutting down and abandoning module CrashTracker (233)
[2016.11.01-13.49.45:152][999]LogModuleManager: Shutting down and abandoning module SceneOutliner (232)
[2016.11.01-13.49.45:152][999]LogModuleManager: Shutting down and abandoning module WidgetCarousel (231)
[2016.11.01-13.49.45:152][999]LogModuleManager: Shutting down and abandoning module AddContentDialog (230)
[2016.11.01-13.49.45:152][999]LogDirectoryWatcher: A directory notification for 'D:/Unreal/Epic Games/4.13/FeaturePacks/' was aborted.
[2016.11.01-13.49.45:156][999]LogModuleManager: Shutting down and abandoning module GameplayTags (229)
[2016.11.01-13.49.45:156][999]LogModuleManager: Shutting down and abandoning module EditorWidgets (228)
[2016.11.01-13.49.45:156][999]LogModuleManager: Shutting down and abandoning module CollectionManager (227)
[2016.11.01-13.49.45:156][999]LogDirectoryWatcher: A directory notification for 'D:/Uni/Fourth Year Project/VRDemo/RiversofHanoi/Content/Collections/' was aborted.
[2016.11.01-13.49.45:156][999]LogDirectoryWatcher: A directory notification for 'D:/Uni/Fourth Year Project/VRDemo/RiversofHanoi/Content/Developers/Flippisen/Collections/' was aborted.
[2016.11.01-13.49.45:156][999]LogDirectoryWatcher: A directory notification for 'D:/Uni/Fourth Year Project/VRDemo/RiversofHanoi/Saved/Collections/' was aborted.
[2016.11.01-13.49.45:156][999]LogModuleManager: Shutting down and abandoning module StatsViewer (226)
[2016.11.01-13.49.45:156][999]LogModuleManager: Shutting down and abandoning module FoliageEdit (225)
[2016.11.01-13.49.45:156][999]LogModuleManager: Shutting down and abandoning module LandscapeEditor (224)
[2016.11.01-13.49.45:157][999]LogModuleManager: Shutting down and abandoning module SceneDepthPickerMode (223)
[2016.11.01-13.49.45:157][999]LogModuleManager: Shutting down and abandoning module ActorPickerMode (222)
[2016.11.01-13.49.45:157][999]LogModuleManager: Shutting down and abandoning module GeometryMode (221)
[2016.11.01-13.49.45:157][999]LogModuleManager: Shutting down and abandoning module TextureAlignMode (220)
[2016.11.01-13.49.45:157][999]LogModuleManager: Shutting down and abandoning module BspMode (219)
[2016.11.01-13.49.45:157][999]LogModuleManager: Shutting down and abandoning module HardwareSurvey (218)
[2016.11.01-13.49.45:157][999]LogModuleManager: Shutting down and abandoning module SequenceRecorderSections (217)
[2016.11.01-13.49.45:157][999]LogModuleManager: Shutting down and abandoning module SequenceRecorder (216)
[2016.11.01-13.49.45:157][999]LogModuleManager: Shutting down and abandoning module AutomationWorker (215)
[2016.11.01-13.49.45:157][999]LogModuleManager: Shutting down and abandoning module MatineeToLevelSequence (214)
[2016.11.01-13.49.45:157][999]LogModuleManager: Shutting down and abandoning module PlacementMode (213)
[2016.11.01-13.49.45:157][999]LogModuleManager: Shutting down and abandoning module LevelSequenceEditor (212)
[2016.11.01-13.49.45:157][999]LogModuleManager: Shutting down and abandoning module WmfMediaFactory (211)
[2016.11.01-13.49.45:157][999]LogModuleManager: Shutting down and abandoning module WmfMediaEditor (210)
[2016.11.01-13.49.45:157][999]LogModuleManager: Shutting down and abandoning module AvfMediaFactory (209)
[2016.11.01-13.49.45:157][999]LogModuleManager: Shutting down and abandoning module AvfMediaEditor (208)
[2016.11.01-13.49.45:157][999]LogModuleManager: Shutting down and abandoning module Media (207)
[2016.11.01-13.49.45:157][999]LogModuleManager: Shutting down and abandoning module AndroidMediaFactory (206)
[2016.11.01-13.49.45:157][999]LogModuleManager: Shutting down and abandoning module AndroidMediaEditor (205)
[2016.11.01-13.49.45:157][999]LogModuleManager: Shutting down and abandoning module CharacterAI (204)
[2016.11.01-13.49.45:157][999]LogModuleManager: Shutting down and abandoning module SmartSnapping (203)
[2016.11.01-13.49.45:157][999]LogModuleManager: Shutting down and abandoning module SessionServices (202)
[2016.11.01-13.49.45:157][999]LogModuleManager: Shutting down and abandoning module ViewportSnapping (201)
[2016.11.01-13.49.45:157][999]LogModuleManager: Shutting down and abandoning module ViewportInteraction (200)
[2016.11.01-13.49.45:157][999]LogModuleManager: Shutting down and abandoning module LogVisualizer (199)
[2016.11.01-13.49.45:157][999]LogModuleManager: Shutting down and abandoning module GameProjectGeneration (198)
[2016.11.01-13.49.45:157][999]LogModuleManager: Shutting down and abandoning module IntroTutorials (197)
[2016.11.01-13.49.45:157][999]LogModuleManager: Shutting down and abandoning module EditorLiveStreaming (196)
[2016.11.01-13.49.45:157][999]LogModuleManager: Shutting down and abandoning module IOSPlatformEditor (195)
[2016.11.01-13.49.45:157][999]LogModuleManager: Shutting down and abandoning module HTML5PlatformEditor (194)
[2016.11.01-13.49.45:157][999]LogModuleManager: Shutting down and abandoning module AndroidDeviceDetection (193)
[2016.11.01-13.49.45:473][999]LogModuleManager: Shutting down and abandoning module AndroidPlatformEditor (192)
[2016.11.01-13.49.45:473][999]LogModuleManager: Shutting down and abandoning module IOSRuntimeSettings (191)
[2016.11.01-13.49.45:473][999]LogModuleManager: Shutting down and abandoning module AndroidRuntimeSettings (190)
[2016.11.01-13.49.45:473][999]LogModuleManager: Shutting down and abandoning module NiagaraEditor (189)
[2016.11.01-13.49.45:473][999]LogModuleManager: Shutting down and abandoning module MergeActors (188)
[2016.11.01-13.49.45:473][999]LogModuleManager: Shutting down and abandoning module SizeMap (187)
[2016.11.01-13.49.45:473][999]LogModuleManager: Shutting down and abandoning module TreeMap (186)
[2016.11.01-13.49.45:473][999]LogModuleManager: Shutting down and abandoning module ReferenceViewer (185)
[2016.11.01-13.49.45:473][999]LogModuleManager: Shutting down and abandoning module LocalizationService (184)
[2016.11.01-13.49.45:473][999]LogModuleManager: Shutting down and abandoning module LocalizationDashboard (183)
[2016.11.01-13.49.45:474][999]LogModuleManager: Shutting down and abandoning module HardwareTargeting (182)
[2016.11.01-13.49.45:474][999]LogModuleManager: Shutting down and abandoning module DeviceProfileEditor (181)
[2016.11.01-13.49.45:474][999]LogModuleManager: Shutting down and abandoning module UndoHistory (180)
[2016.11.01-13.49.45:474][999]LogModuleManager: Shutting down and abandoning module UserFeedback (179)
[2016.11.01-13.49.45:474][999]LogModuleManager: Shutting down and abandoning module XmlParser (178)
[2016.11.01-13.49.45:474][999]LogModuleManager: Shutting down and abandoning module Blutility (177)
[2016.11.01-13.49.45:474][999]LogModuleManager: Shutting down and abandoning module ProjectTargetPlatformEditor (176)
[2016.11.01-13.49.45:474][999]LogModuleManager: Shutting down and abandoning module ProjectSettingsViewer (175)
[2016.11.01-13.49.45:474][999]LogModuleManager: Shutting down and abandoning module InputBindingEditor (174)
[2016.11.01-13.49.45:474][999]LogModuleManager: Shutting down and abandoning module EditorSettingsViewer (173)
[2016.11.01-13.49.45:474][999]LogModuleManager: Shutting down and abandoning module SettingsEditor (172)
[2016.11.01-13.49.45:474][999]LogModuleManager: Shutting down and abandoning module ProjectLauncher (171)
[2016.11.01-13.49.45:474][999]LogModuleManager: Shutting down and abandoning module SessionFrontend (170)
[2016.11.01-13.49.45:474][999]LogModuleManager: Shutting down and abandoning module ProfilerClient (169)
[2016.11.01-13.49.45:474][999]LogModuleManager: Shutting down and abandoning module TargetDeviceServices (168)
[2016.11.01-13.49.45:474][999]LogModuleManager: Shutting down and abandoning module DeviceManager (167)
[2016.11.01-13.49.45:519][999]LogModuleManager: Shutting down and abandoning module AutomationController (166)
[2016.11.01-13.49.45:519][999]LogModuleManager: Shutting down and abandoning module AutomationWindow (165)
[2016.11.01-13.49.45:519][999]LogModuleManager: Shutting down and abandoning module Layers (164)
[2016.11.01-13.49.45:519][999]LogModuleManager: Shutting down and abandoning module ComponentVisualizers (163)
[2016.11.01-13.49.45:519][999]LogModuleManager: Shutting down and abandoning module DetailCustomizations (162)
[2016.11.01-13.49.45:519][999]LogModuleManager: Shutting down and abandoning module PackagesDialog (161)
[2016.11.01-13.49.45:519][999]LogModuleManager: Shutting down and abandoning module AnimGraph (160)
[2016.11.01-13.49.45:519][999]LogModuleManager: Shutting down and abandoning module Persona (159)
[2016.11.01-13.49.45:519][999]LogModuleManager: Shutting down and abandoning module Kismet (158)
[2016.11.01-13.49.45:519][999]LogModuleManager: Shutting down and abandoning module GraphEditor (157)
[2016.11.01-13.49.45:519][999]LogModuleManager: Shutting down and abandoning module ClassViewer (156)
[2016.11.01-13.49.45:519][999]LogModuleManager: Shutting down and abandoning module Toolbox (155)
[2016.11.01-13.49.45:519][999]LogModuleManager: Shutting down and abandoning module ModuleUI (154)
[2016.11.01-13.49.45:519][999]LogModuleManager: Shutting down and abandoning module MovieSceneTools (153)
[2016.11.01-13.49.45:519][999]LogModuleManager: Shutting down and abandoning module OutputLog (152)
[2016.11.01-13.49.45:519][999]LogModuleManager: Shutting down and abandoning module GammaUI (151)
[2016.11.01-13.49.45:519][999]LogModuleManager: Shutting down and abandoning module Documentation (150)
[2016.11.01-13.49.45:520][999]LogModuleManager: Shutting down and abandoning module Niagara (149)
[2016.11.01-13.49.45:520][999]LogModuleManager: Shutting down and abandoning module StreamingPauseRendering (148)
[2016.11.01-13.49.45:520][999]LogModuleManager: Shutting down and abandoning module AnalyticsET (147)
[2016.11.01-13.49.45:520][999]LogModuleManager: Shutting down and abandoning module PortalServices (146)
[2016.11.01-13.49.45:520][999]LogModuleManager: Shutting down and abandoning module PortalRpc (145)
[2016.11.01-13.49.45:520][999]LogModuleManager: Shutting down and abandoning module MessagingRpc (144)
[2016.11.01-13.49.45:520][999]LogModuleManager: Shutting down and abandoning module GameplayDebugger (143)
[2016.11.01-13.49.45:520][999]LogModuleManager: Shutting down and abandoning module AITestSuite (142)
[2016.11.01-13.49.45:520][999]LogModuleManager: Shutting down and abandoning module AIModule (141)
[2016.11.01-13.49.45:520][999]LogModuleManager: Shutting down and abandoning module ProfilerService (140)
[2016.11.01-13.49.45:677][999]LogModuleManager: Shutting down and abandoning module TaskGraph (139)
[2016.11.01-13.49.45:677][999]LogModuleManager: Shutting down and abandoning module SlateRemote (138)
[2016.11.01-13.49.45:677][999]LogModuleManager: Shutting down and abandoning module SteamVRController (137)
[2016.11.01-13.49.45:677][999]LogModuleManager: Shutting down and abandoning module SteamVR (136)
[2016.11.01-13.49.45:677][999]LogModuleManager: Shutting down and abandoning module ProceduralMeshComponentEditor (135)
[2016.11.01-13.49.45:677][999]LogModuleManager: Shutting down and abandoning module ProceduralMeshComponent (134)
[2016.11.01-13.49.45:677][999]LogModuleManager: Shutting down and abandoning module OculusLibrary (133)
[2016.11.01-13.49.45:677][999]LogModuleManager: Shutting down and abandoning module OculusInput (132)
[2016.11.01-13.49.45:677][999]LogModuleManager: Shutting down and abandoning module CustomMeshComponent (131)
[2016.11.01-13.49.45:677][999]LogModuleManager: Shutting down and abandoning module CableComponent (130)
[2016.11.01-13.49.45:677][999]LogModuleManager: Shutting down and abandoning module ArchVisCharacter (129)
[2016.11.01-13.49.45:677][999]LogModuleManager: Shutting down and abandoning module MediaPlayerEditor (127)
[2016.11.01-13.49.45:677][999]LogModuleManager: Shutting down and abandoning module HTML5Networking (126)
[2016.11.01-13.49.45:677][999]LogModuleManager: Shutting down and abandoning module GeometryCacheEd (125)
[2016.11.01-13.49.45:677][999]LogModuleManager: Shutting down and abandoning module GeometryCache (124)
[2016.11.01-13.49.45:677][999]LogModuleManager: Shutting down and abandoning module AlembicLibrary (123)
[2016.11.01-13.49.45:677][999]LogModuleManager: Shutting down and abandoning module AlembicImporter (122)
[2016.11.01-13.49.45:677][999]LogModuleManager: Shutting down and abandoning module SuperSearch (121)
[2016.11.01-13.49.45:677][999]LogModuleManager: Shutting down and abandoning module SuperSearchEditor (120)
[2016.11.01-13.49.45:677][999]LogModuleManager: Shutting down and abandoning module SpeedTreeImporter (119)
[2016.11.01-13.49.45:677][999]LogModuleManager: Shutting down and abandoning module PluginBrowser (118)
[2016.11.01-13.49.45:677][999]LogModuleManager: Shutting down and abandoning module MobileLauncherProfileWizard (117)
[2016.11.01-13.49.45:677][999]LogModuleManager: Shutting down and abandoning module EpicSurvey (116)
[2016.11.01-13.49.45:677][999]LogModuleManager: Shutting down and abandoning module DesktopPlatform (115)
[2016.11.01-13.49.45:677][999]LogModuleManager: Shutting down and abandoning module VisualStudioSourceCodeAccess (114)
[2016.11.01-13.49.45:677][999]LogModuleManager: Shutting down and abandoning module UObjectPlugin (113)
[2016.11.01-13.49.45:677][999]LogModuleManager: Shutting down and abandoning module SubversionSourceControl (112)
[2016.11.01-13.49.45:677][999]LogModuleManager: Shutting down and abandoning module PerforceSourceControl (111)
[2016.11.01-13.49.45:677][999]LogModuleManager: Shutting down and abandoning module SourceControl (110)
[2016.11.01-13.49.45:677][999]LogModuleManager: Shutting down and abandoning module GitSourceControl (109)
[2016.11.01-13.49.45:677][999]LogModuleManager: Shutting down and abandoning module LightPropagationVolumeEditor (108)
[2016.11.01-13.49.45:677][999]LogModuleManager: Shutting down and abandoning module PaperTiledImporter (107)
[2016.11.01-13.49.45:677][999]LogModuleManager: Shutting down and abandoning module PaperSpriteSheetImporter (106)
[2016.11.01-13.49.45:677][999]LogModuleManager: Shutting down and abandoning module MeshPaint (105)
[2016.11.01-13.49.45:677][999]LogModuleManager: Shutting down and abandoning module FbxAutomationBuilderModule (104)
[2016.11.01-13.49.45:678][999]LogModuleManager: Shutting down and abandoning module PixelInspectorModule (103)
[2016.11.01-13.49.45:678][999]LogModuleManager: Shutting down and abandoning module HotReload (102)
[2016.11.01-13.49.45:678][999]LogDirectoryWatcher: A directory notification for 'D:/Uni/Fourth Year Project/VRDemo/RiversofHanoi/Binaries/Win64' was aborted.
[2016.11.01-13.49.45:678][999]LogModuleManager: Shutting down and abandoning module MainFrame (101)
[2016.11.01-13.49.45:678][999]LogModuleManager: Shutting down and abandoning module LevelEditor (100)
[2016.11.01-13.49.45:679][999]LogModuleManager: Shutting down and abandoning module ContentBrowser (99)
[2016.11.01-13.49.45:680][999]LogModuleManager: Shutting down and abandoning module Paper2DEditor (98)
[2016.11.01-13.49.45:680][999]LogModuleManager: Shutting down and abandoning module RiversofHanoi (97)
[2016.11.01-13.49.45:680][999]LogModuleManager: Shutting down and abandoning module UdpMessaging (96)
[2016.11.01-13.49.45:781][999]LogModuleManager: Shutting down and abandoning module TcpMessaging (95)
[2016.11.01-13.49.45:881][999]LogModuleManager: Shutting down and abandoning module LightPropagationVolumeRuntime (94)
[2016.11.01-13.49.45:881][999]LogModuleManager: Shutting down and abandoning module Paper2D (93)
[2016.11.01-13.49.45:881][999]LogModuleManager: Shutting down and abandoning module WindowsMoviePlayer (92)
[2016.11.01-13.49.45:881][999]LogModuleManager: Shutting down and abandoning module WmfMedia (91)
[2016.11.01-13.49.45:881][999]LogModuleManager: Shutting down and abandoning module MediaAssets (90)
[2016.11.01-13.49.45:881][999]LogModuleManager: Shutting down and abandoning module GameLiveStreaming (89)
[2016.11.01-13.49.45:881][999]LogModuleManager: Shutting down and abandoning module GameplayTagsEditor (88)
[2016.11.01-13.49.45:881][999]LogModuleManager: Shutting down and abandoning module VREditor (87)
[2016.11.01-13.49.45:881][999]LogModuleManager: Shutting down and abandoning module GameplayTasksEditor (86)
[2016.11.01-13.49.45:881][999]LogModuleManager: Shutting down and abandoning module PropertyEditor (85)
[2016.11.01-13.49.45:881][999]LogModuleManager: Shutting down and abandoning module BehaviorTreeEditor (84)
[2016.11.01-13.49.45:881][999]LogModuleManager: Shutting down and abandoning module FunctionalTesting (83)
[2016.11.01-13.49.45:881][999]LogModuleManager: Shutting down and abandoning module CollisionAnalyzer (82)
[2016.11.01-13.49.45:881][999]LogModuleManager: Shutting down and abandoning module Sequencer (81)
[2016.11.01-13.49.45:881][999]LogModuleManager: Shutting down and abandoning module WorkspaceMenuStructure (80)
[2016.11.01-13.49.45:881][999]LogModuleManager: Shutting down and abandoning module MessageLog (79)
[2016.11.01-13.49.45:881][999]LogModuleManager: Shutting down and abandoning module AssetTools (78)
[2016.11.01-13.49.45:881][999]LogModuleManager: Shutting down and abandoning module UMGEditor (77)
[2016.11.01-13.49.45:881][999]LogModuleManager: Shutting down and abandoning module UMG (76)
[2016.11.01-13.49.45:881][999]LogModuleManager: Shutting down and abandoning module SlateReflector (75)
[2016.11.01-13.49.45:881][999]LogModuleManager: Shutting down and abandoning module Slate (74)
[2016.11.01-13.49.45:881][999]LogModuleManager: Shutting down and abandoning module EditorStyle (73)
[2016.11.01-13.49.45:884][999]LogModuleManager: Shutting down and abandoning module SourceCodeAccess (72)
[2016.11.01-13.49.45:884][999]LogModuleManager: Shutting down and abandoning module HeadMountedDisplay (71)
[2016.11.01-13.49.45:884][999]LogModuleManager: Shutting down and abandoning module XAudio2 (70)
[2016.11.01-13.49.45:884][999]LogModuleManager: Shutting down and abandoning module Networking (68)
[2016.11.01-13.49.45:884][999]LogModuleManager: Shutting down and abandoning module Core (67)
[2016.11.01-13.49.45:884][999]LogModuleManager: Shutting down and abandoning module DirectoryWatcher (66)
[2016.11.01-13.49.45:884][999]LogDirectoryWatcher: A directory notification for '../../../Engine/Content/' was aborted.
[2016.11.01-13.49.45:884][999]LogDirectoryWatcher: A directory notification for '../../../../../../Uni/Fourth Year Project/VRDemo/RiversofHanoi/Content/' was aborted.
[2016.11.01-13.49.45:885][999]LogDirectoryWatcher: A directory notification for '../../../Engine/Plugins/2D/Paper2D/Content/' was aborted.
[2016.11.01-13.49.45:888][999]LogModuleManager: Shutting down and abandoning module AssetRegistry (65)
[2016.11.01-13.49.46:099][999]LogModuleManager: Shutting down and abandoning module KismetCompiler (64)
[2016.11.01-13.49.46:099][999]LogModuleManager: Shutting down and abandoning module PhysXFormats (63)
[2016.11.01-13.49.46:099][999]LogModuleManager: Shutting down and abandoning module MeshUtilities (62)
[2016.11.01-13.49.46:099][999]LogModuleManager: Shutting down and abandoning module DerivedDataCache (61)
[2016.11.01-13.49.46:116][999]LogDerivedDataCache: Shutdown
[2016.11.01-13.49.46:116][999]LogModuleManager: Shutting down and abandoning module VulkanShaderFormat (60)
[2016.11.01-13.49.46:116][999]LogModuleManager: Shutting down and abandoning module ShaderFormatOpenGL (59)
[2016.11.01-13.49.46:116][999]LogModuleManager: Shutting down and abandoning module ShaderFormatD3D (58)
[2016.11.01-13.49.46:116][999]LogModuleManager: Shutting down and abandoning module MetalShaderFormat (57)
[2016.11.01-13.49.46:116][999]LogModuleManager: Shutting down and abandoning module TextureFormatUncompressed (56)
[2016.11.01-13.49.46:116][999]LogModuleManager: Shutting down and abandoning module TextureFormatPVR (55)
[2016.11.01-13.49.46:116][999]LogModuleManager: Shutting down and abandoning module TextureFormatDXT (54)
[2016.11.01-13.49.46:116][999]LogModuleManager: Shutting down and abandoning module TextureFormatIntelISPCTexComp (53)
[2016.11.01-13.49.46:117][999]LogModuleManager: Shutting down and abandoning module ImageWrapper (52)
[2016.11.01-13.49.46:117][999]LogModuleManager: Shutting down and abandoning module TextureFormatASTC (51)
[2016.11.01-13.49.46:117][999]LogModuleManager: Shutting down and abandoning module TextureFormatAndroid (50)
[2016.11.01-13.49.46:117][999]LogModuleManager: Shutting down and abandoning module AudioFormatOpus (49)
[2016.11.01-13.49.46:117][999]LogModuleManager: Shutting down and abandoning module AudioFormatOgg (48)
[2016.11.01-13.49.46:117][999]LogModuleManager: Shutting down and abandoning module AudioFormatADPCM (47)
[2016.11.01-13.49.46:117][999]LogModuleManager: Shutting down and abandoning module LinuxTargetPlatform (46)
[2016.11.01-13.49.46:117][999]LogModuleManager: Shutting down and abandoning module LinuxServerTargetPlatform (45)
[2016.11.01-13.49.46:117][999]LogModuleManager: Shutting down and abandoning module LinuxNoEditorTargetPlatform (44)
[2016.11.01-13.49.46:117][999]LogModuleManager: Shutting down and abandoning module LinuxClientTargetPlatform (43)
[2016.11.01-13.49.46:117][999]LogModuleManager: Shutting down and abandoning module TVOSTargetPlatform (42)
[2016.11.01-13.49.46:117][999]LogModuleManager: Shutting down and abandoning module Messaging (41)
[2016.11.01-13.49.46:117][999]LogModuleManager: Shutting down and abandoning module IOSTargetPlatform (40)
[2016.11.01-13.49.46:117][999]LogModuleManager: Shutting down and abandoning module HTML5TargetPlatform (39)
[2016.11.01-13.49.46:117][999]LogModuleManager: Shutting down and abandoning module Android_PVRTCTargetPlatform (38)
[2016.11.01-13.49.46:117][999]LogModuleManager: Shutting down and abandoning module Android_MultiTargetPlatform (37)
[2016.11.01-13.49.46:117][999]LogModuleManager: Shutting down and abandoning module Android_ETC2TargetPlatform (36)
[2016.11.01-13.49.46:117][999]LogModuleManager: Shutting down and abandoning module Android_ETC1TargetPlatform (35)
[2016.11.01-13.49.46:117][999]LogModuleManager: Shutting down and abandoning module Android_DXTTargetPlatform (34)
[2016.11.01-13.49.46:117][999]LogModuleManager: Shutting down and abandoning module Android_ATCTargetPlatform (33)
[2016.11.01-13.49.46:117][999]LogModuleManager: Shutting down and abandoning module Android_ASTCTargetPlatform (32)
[2016.11.01-13.49.46:117][999]LogModuleManager: Shutting down and abandoning module AndroidTargetPlatform (31)
[2016.11.01-13.49.46:117][999]LogModuleManager: Shutting down and abandoning module WindowsTargetPlatform (30)
[2016.11.01-13.49.46:117][999]LogModuleManager: Shutting down and abandoning module WindowsServerTargetPlatform (29)
[2016.11.01-13.49.46:117][999]LogModuleManager: Shutting down and abandoning module WindowsNoEditorTargetPlatform (28)
[2016.11.01-13.49.46:117][999]LogModuleManager: Shutting down and abandoning module WindowsClientTargetPlatform (27)
[2016.11.01-13.49.46:117][999]LogModuleManager: Shutting down and abandoning module AllDesktopTargetPlatform (26)
[2016.11.01-13.49.46:117][999]LogModuleManager: Shutting down and abandoning module TargetPlatform (25)
[2016.11.01-13.49.46:117][999]LogModuleManager: Shutting down and abandoning module InputCore (24)
[2016.11.01-13.49.46:117][999]LogModuleManager: Shutting down and abandoning module Settings (23)
[2016.11.01-13.49.46:117][999]LogModuleManager: Shutting down and abandoning module OculusRift (22)
[2016.11.01-13.49.46:117][999]LogModuleManager: Shutting down and abandoning module GearVR (21)
[2016.11.01-13.49.46:117][999]LogModuleManager: Shutting down and abandoning module ExampleDeviceProfileSelector (20)
[2016.11.01-13.49.46:117][999]LogModuleManager: Shutting down and abandoning module OnlineBlueprintSupport (19)
[2016.11.01-13.49.46:117][999]LogModuleManager: Shutting down and abandoning module OnlineSubsystem (17)
[2016.11.01-13.49.46:117][999]LogOnline:Display: Unloading online subsystem: NULL
[2016.11.01-13.49.46:117][999]LogModuleManager: Shutting down and abandoning module HTTP (16)
[2016.11.01-13.49.46:117][999]LogHttp:Display: Http module shutting down, but needs to wait on 1 outstanding Http requests:
[2016.11.01-13.49.46:117][999]LogHttp:Display: 	verb=[POST] url=[https://datarouter.ol.epicgames.com/datarouter/api/v1/public/data?SessionID=%7B52C869D0-4877-CFE4-3EF9-8D8A29127392%7D&AppID=UEEditor.Rocket.Release&AppVersion=4.13.2-3172292%2B%2B%2BUE4%2BRelease-4.13&UserID=36ac6b074a418caebc060fb60a7c5648%7Cde92a7eda62b437e83f7d67ba1e4d5d9%7Cc2c33ddf-a9de-4da4-9381-652c6b75a3e4&AppEnvironment=datacollector-binary&UploadType=eteventstream] status=Processing
[2016.11.01-13.49.46:148][999]LogModuleManager: Shutting down and abandoning module XMPP (15)
[2016.11.01-13.49.46:148][999]LogModuleManager: Shutting down and abandoning module TextureCompressor (14)
[2016.11.01-13.49.46:149][999]LogModuleManager: Shutting down and abandoning module ShaderCore (13)
[2016.11.01-13.49.46:149][999]LogModuleManager: Shutting down and abandoning module Landscape (12)
[2016.11.01-13.49.46:149][999]LogModuleManager: Shutting down and abandoning module SlateRHIRenderer (11)
[2016.11.01-13.49.46:151][999]LogModuleManager: Shutting down and abandoning module OpenGLDrv (10)
[2016.11.01-13.49.46:151][999]LogModuleManager: Shutting down and abandoning module D3D11RHI (9)
[2016.11.01-13.49.46:151][999]LogModuleManager: Shutting down and abandoning module AnimGraphRuntime (8)
[2016.11.01-13.49.46:151][999]LogModuleManager: Shutting down and abandoning module Renderer (7)
[2016.11.01-13.49.46:151][999]LogModuleManager: Shutting down and abandoning module Engine (6)
[2016.11.01-13.49.46:151][999]LogModuleManager: Shutting down and abandoning module CoreUObject (5)
[2016.11.01-13.49.46:151][999]LogModuleManager: Shutting down and abandoning module NetworkFile (4)
[2016.11.01-13.49.46:151][999]LogModuleManager: Shutting down and abandoning module StreamingFile (3)
[2016.11.01-13.49.46:151][999]LogModuleManager: Shutting down and abandoning module SandboxFile (2)
[2016.11.01-13.49.46:151][999]LogModuleManager: Shutting down and abandoning module PakFile (1)
[2016.11.01-13.49.46:153][999]LogExit: Exiting.
[2016.11.01-13.49.46:159][999]Log file closed, 11/01/16 13:49:46
